[2021-09-03 03:16:50Z INFO HostContext] No proxy settings were found based on environmental variables (http_proxy/https_proxy/HTTP_PROXY/HTTPS_PROXY)
[2021-09-03 03:16:50Z INFO HostContext] Well known directory 'Bin': '/Users/rowan/hc/vault-guides/ecosystem/vault-github-action/actions-runner/bin'
[2021-09-03 03:16:50Z INFO HostContext] Well known directory 'Root': '/Users/rowan/hc/vault-guides/ecosystem/vault-github-action/actions-runner'
[2021-09-03 03:16:50Z INFO HostContext] Well known config file 'Credentials': '/Users/rowan/hc/vault-guides/ecosystem/vault-github-action/actions-runner/.credentials'
[2021-09-03 03:16:50Z INFO Listener] Runner is built for OSX (X64) - osx-x64.
[2021-09-03 03:16:50Z INFO Listener] RuntimeInformation: Darwin 20.6.0 Darwin Kernel Version 20.6.0: Wed Jun 23 00:26:31 PDT 2021; root:xnu-7195.141.2~5/RELEASE_X86_64.
[2021-09-03 03:16:50Z INFO Listener] Version: 2.280.3
[2021-09-03 03:16:50Z INFO Listener] Commit: 409920e9f03bd38fe6e58807f069394993ce32e4
[2021-09-03 03:16:50Z INFO Listener] Culture: en-AU
[2021-09-03 03:16:50Z INFO Listener] UI Culture: en-AU
[2021-09-03 03:16:50Z INFO HostContext] Well known directory 'Bin': '/Users/rowan/hc/vault-guides/ecosystem/vault-github-action/actions-runner/bin'
[2021-09-03 03:16:50Z INFO HostContext] Well known directory 'Root': '/Users/rowan/hc/vault-guides/ecosystem/vault-github-action/actions-runner'
[2021-09-03 03:16:50Z INFO Listener] Validating directory permissions for: '/Users/rowan/hc/vault-guides/ecosystem/vault-github-action/actions-runner'
[2021-09-03 03:16:50Z INFO CommandLineParser] Parse
[2021-09-03 03:16:50Z INFO CommandLineParser] Parsing 1 args
[2021-09-03 03:16:50Z INFO CommandLineParser] parsing argument
[2021-09-03 03:16:50Z INFO CommandLineParser] HasArgs: False
[2021-09-03 03:16:50Z INFO CommandLineParser] Adding Command: run
[2021-09-03 03:16:50Z INFO Listener] Arguments parsed
[2021-09-03 03:16:50Z INFO Runner] ExecuteCommand
[2021-09-03 03:16:50Z INFO ConfigurationStore] currentAssemblyLocation: /Users/rowan/hc/vault-guides/ecosystem/vault-github-action/actions-runner/bin/Runner.Listener.dll
[2021-09-03 03:16:50Z INFO HostContext] Well known directory 'Bin': '/Users/rowan/hc/vault-guides/ecosystem/vault-github-action/actions-runner/bin'
[2021-09-03 03:16:50Z INFO ConfigurationStore] binPath: /Users/rowan/hc/vault-guides/ecosystem/vault-github-action/actions-runner/bin
[2021-09-03 03:16:50Z INFO HostContext] Well known directory 'Bin': '/Users/rowan/hc/vault-guides/ecosystem/vault-github-action/actions-runner/bin'
[2021-09-03 03:16:50Z INFO HostContext] Well known directory 'Root': '/Users/rowan/hc/vault-guides/ecosystem/vault-github-action/actions-runner'
[2021-09-03 03:16:50Z INFO ConfigurationStore] RootFolder: /Users/rowan/hc/vault-guides/ecosystem/vault-github-action/actions-runner
[2021-09-03 03:16:50Z INFO HostContext] Well known directory 'Bin': '/Users/rowan/hc/vault-guides/ecosystem/vault-github-action/actions-runner/bin'
[2021-09-03 03:16:50Z INFO HostContext] Well known directory 'Root': '/Users/rowan/hc/vault-guides/ecosystem/vault-github-action/actions-runner'
[2021-09-03 03:16:50Z INFO HostContext] Well known config file 'Runner': '/Users/rowan/hc/vault-guides/ecosystem/vault-github-action/actions-runner/.runner'
[2021-09-03 03:16:50Z INFO ConfigurationStore] ConfigFilePath: /Users/rowan/hc/vault-guides/ecosystem/vault-github-action/actions-runner/.runner
[2021-09-03 03:16:50Z INFO HostContext] Well known directory 'Bin': '/Users/rowan/hc/vault-guides/ecosystem/vault-github-action/actions-runner/bin'
[2021-09-03 03:16:50Z INFO HostContext] Well known directory 'Root': '/Users/rowan/hc/vault-guides/ecosystem/vault-github-action/actions-runner'
[2021-09-03 03:16:50Z INFO HostContext] Well known config file 'Credentials': '/Users/rowan/hc/vault-guides/ecosystem/vault-github-action/actions-runner/.credentials'
[2021-09-03 03:16:50Z INFO ConfigurationStore] CredFilePath: /Users/rowan/hc/vault-guides/ecosystem/vault-github-action/actions-runner/.credentials
[2021-09-03 03:16:50Z INFO HostContext] Well known directory 'Bin': '/Users/rowan/hc/vault-guides/ecosystem/vault-github-action/actions-runner/bin'
[2021-09-03 03:16:50Z INFO HostContext] Well known directory 'Root': '/Users/rowan/hc/vault-guides/ecosystem/vault-github-action/actions-runner'
[2021-09-03 03:16:50Z INFO HostContext] Well known config file 'MigratedCredentials': '/Users/rowan/hc/vault-guides/ecosystem/vault-github-action/actions-runner/.credentials_migrated'
[2021-09-03 03:16:50Z INFO ConfigurationStore] MigratedCredFilePath: /Users/rowan/hc/vault-guides/ecosystem/vault-github-action/actions-runner/.credentials_migrated
[2021-09-03 03:16:50Z INFO HostContext] Well known directory 'Bin': '/Users/rowan/hc/vault-guides/ecosystem/vault-github-action/actions-runner/bin'
[2021-09-03 03:16:50Z INFO HostContext] Well known directory 'Root': '/Users/rowan/hc/vault-guides/ecosystem/vault-github-action/actions-runner'
[2021-09-03 03:16:50Z INFO HostContext] Well known config file 'Service': '/Users/rowan/hc/vault-guides/ecosystem/vault-github-action/actions-runner/.service'
[2021-09-03 03:16:50Z INFO ConfigurationStore] ServiceConfigFilePath: /Users/rowan/hc/vault-guides/ecosystem/vault-github-action/actions-runner/.service
[2021-09-03 03:16:50Z INFO CommandSettings] Flag 'help': 'False'
[2021-09-03 03:16:50Z INFO CommandSettings] Flag 'version': 'False'
[2021-09-03 03:16:50Z INFO CommandSettings] Flag 'commit': 'False'
[2021-09-03 03:16:50Z INFO CommandSettings] Flag 'check': 'False'
[2021-09-03 03:16:50Z INFO CommandSettings] Command 'configure': 'False'
[2021-09-03 03:16:50Z INFO CommandSettings] Command 'remove': 'False'
[2021-09-03 03:16:50Z INFO CommandSettings] Command 'warmup': 'False'
[2021-09-03 03:16:50Z INFO ConfigurationManager] LoadSettings
[2021-09-03 03:16:50Z INFO ConfigurationStore] IsConfigured()
[2021-09-03 03:16:50Z INFO ConfigurationStore] IsConfigured: True
[2021-09-03 03:16:50Z INFO ConfigurationManager] Is configured: True
[2021-09-03 03:16:50Z INFO ConfigurationStore] Read setting file: 311 chars
[2021-09-03 03:16:50Z INFO ConfigurationManager] Settings Loaded
[2021-09-03 03:16:50Z INFO ConfigurationStore] IsServiceConfigured()
[2021-09-03 03:16:50Z INFO ConfigurationStore] IsServiceConfigured: False
[2021-09-03 03:16:50Z INFO CommandSettings] Command 'run': 'True'
[2021-09-03 03:16:50Z INFO ConfigurationStore] IsConfigured()
[2021-09-03 03:16:50Z INFO ConfigurationStore] IsConfigured: True
[2021-09-03 03:16:50Z INFO ConfigurationManager] Is configured: True
[2021-09-03 03:16:50Z INFO Runner] Could not parse the argument value '' for StartupType. Defaulting to Manual
[2021-09-03 03:16:50Z INFO Runner] Set runner startup type - Manual
[2021-09-03 03:16:50Z INFO CommandSettings] Flag 'once': 'False'
[2021-09-03 03:16:50Z INFO Runner] RunAsync
[2021-09-03 03:16:50Z INFO ConfigurationManager] LoadSettings
[2021-09-03 03:16:50Z INFO ConfigurationStore] IsConfigured()
[2021-09-03 03:16:50Z INFO ConfigurationStore] IsConfigured: True
[2021-09-03 03:16:50Z INFO ConfigurationManager] Is configured: True
[2021-09-03 03:16:50Z INFO ConfigurationManager] Settings Loaded
[2021-09-03 03:16:50Z INFO MessageListener] {
  "AgentId": 2,
  "AgentName": "rowan-C02FW09HMD6R",
  "PoolId": 1,
  "PoolName": "Default",
  "ServerUrl": "https://pipelines.actions.githubusercontent.com/vyFIZnMSufPBxWjw5Mm1Mh1Jk2DfcCNyexOxsbkap2SYxDQKmM",
  "GitHubUrl": "https://github.com/rowansmithhc/vault-action-exampleapp",
  "WorkFolder": "_work"
}
[2021-09-03 03:16:50Z INFO MessageListener] Loading Credentials
[2021-09-03 03:16:50Z INFO ConfigurationStore] HasCredentials()
[2021-09-03 03:16:50Z INFO ConfigurationStore] stored True
[2021-09-03 03:16:50Z INFO CredentialManager] GetCredentialProvider
[2021-09-03 03:16:50Z INFO CredentialManager] Creating type OAuth
[2021-09-03 03:16:50Z INFO CredentialManager] Creating credential type: OAuth
[2021-09-03 03:16:50Z INFO HostContext] Well known directory 'Bin': '/Users/rowan/hc/vault-guides/ecosystem/vault-github-action/actions-runner/bin'
[2021-09-03 03:16:50Z INFO HostContext] Well known directory 'Root': '/Users/rowan/hc/vault-guides/ecosystem/vault-github-action/actions-runner'
[2021-09-03 03:16:50Z INFO HostContext] Well known config file 'RSACredentials': '/Users/rowan/hc/vault-guides/ecosystem/vault-github-action/actions-runner/.credentials_rsaparams'
[2021-09-03 03:16:50Z INFO RSAFileKeyManager] Loading RSA key parameters from file /Users/rowan/hc/vault-guides/ecosystem/vault-github-action/actions-runner/.credentials_rsaparams
[2021-09-03 03:16:50Z INFO MessageListener] Attempt to create session.
[2021-09-03 03:16:50Z INFO MessageListener] Connecting to the Runner Server...
[2021-09-03 03:16:50Z INFO RunnerServer] Establish connection with 100 seconds timeout.
[2021-09-03 03:16:50Z INFO GitHubActionsService] Starting operation Location.GetConnectionData
[2021-09-03 03:16:50Z INFO RunnerServer] Establish connection with 60 seconds timeout.
[2021-09-03 03:16:50Z INFO GitHubActionsService] Starting operation Location.GetConnectionData
[2021-09-03 03:16:50Z INFO RunnerServer] Establish connection with 60 seconds timeout.
[2021-09-03 03:16:50Z INFO GitHubActionsService] Starting operation Location.GetConnectionData
[2021-09-03 03:16:53Z INFO GitHubActionsService] Finished operation Location.GetConnectionData
[2021-09-03 03:16:53Z INFO GitHubActionsService] Finished operation Location.GetConnectionData
[2021-09-03 03:16:54Z INFO GitHubActionsService] Finished operation Location.GetConnectionData
[2021-09-03 03:16:54Z INFO MessageListener] VssConnection created
[2021-09-03 03:16:54Z INFO Terminal] WRITE LINE: 
[2021-09-03 03:16:54Z INFO Terminal] WRITE LINE: 
[2021-09-03 03:16:54Z WARN GitHubActionsService] Authentication failed with status code 401.
WWW-Authenticate: Bearer
Strict-Transport-Security: max-age=2592000
X-TFS-ProcessId: 4a1991f3-6d79-40bf-b6da-c7eb6c2fd386
ActivityId: 8afdf11f-d886-4841-935d-9f6cd1d75ca5
X-TFS-Session: 7274048a-8e0b-496e-8dd5-f45878d694e8
X-VSS-E2EID: abc7bf16-617c-4d6f-955e-153cf651feb0
X-VSS-SenderDeploymentId: 6074703f-c195-632a-bd61-21691fc86fa5
X-TFS-ServiceError: The+user+%27System%3aPublicAccess%3baaaaaaaa-aaaa-aaaa-aaaa-aaaaaaaaaaaa%27+is+not+authorized+to+access+this+resource.
X-VSS-S2STargetService: 0000005A-0000-8888-8000-000000000000/visualstudio.com
X-Cache: CONFIG_NOCACHE
X-MSEdge-Ref: Ref A: 0ADAF1CDD0C647C08611D6254B582E68 Ref B: MEL01EDGE0806 Ref C: 2021-09-03T03:16:54Z
Date: Fri, 03 Sep 2021 03:16:53 GMT

[2021-09-03 03:16:54Z INFO RSAFileKeyManager] Loading RSA key parameters from file /Users/rowan/hc/vault-guides/ecosystem/vault-github-action/actions-runner/.credentials_rsaparams
[2021-09-03 03:16:54Z INFO RSAFileKeyManager] Loading RSA key parameters from file /Users/rowan/hc/vault-guides/ecosystem/vault-github-action/actions-runner/.credentials_rsaparams
[2021-09-03 03:16:57Z INFO GitHubActionsService] AAD Correlation ID for this token request: Unknown
[2021-09-03 03:16:57Z WARN GitHubActionsService] Retrieving an AAD auth token took a long time (3.2816265 seconds)
[2021-09-03 03:16:58Z INFO MessageListener] Session created.
[2021-09-03 03:16:58Z INFO Terminal] WRITE LINE: 2021-09-03 03:16:58Z: Listening for Jobs
[2021-09-03 03:16:58Z INFO JobDispatcher] Set runner/worker IPC timeout to 30 seconds.
[2021-09-03 03:17:37Z INFO Terminal] WRITE LINE: Exiting...
[2021-09-03 03:17:37Z INFO ConfigurationStore] IsServiceConfigured()
[2021-09-03 03:17:37Z INFO ConfigurationStore] IsServiceConfigured: False
[2021-09-03 03:17:37Z INFO HostContext] Runner will be shutdown for UserCancelled
[2021-09-03 03:17:37Z WARN GitHubActionsService] GET request to https://pipelines.actions.githubusercontent.com/vyFIZnMSufPBxWjw5Mm1Mh1Jk2DfcCNyexOxsbkap2SYxDQKmM/_apis/distributedtask/pools/1/messages?sessionId=5fe9401b-5c59-4647-892c-80c10749ee59 has been cancelled.
[2021-09-03 03:17:37Z INFO MessageListener] Get next message has been cancelled.
[2021-09-03 03:17:37Z INFO JobDispatcher] Shutting down JobDispatcher. Make sure all WorkerDispatcher has finished.
[2021-09-03 03:17:41Z INFO Listener] Runner execution been cancelled.
