[2021-09-03 03:16:14Z INFO HostContext] No proxy settings were found based on environmental variables (http_proxy/https_proxy/HTTP_PROXY/HTTPS_PROXY)
[2021-09-03 03:16:14Z INFO HostContext] Well known directory 'Bin': '/Users/rowan/hc/vault-guides/ecosystem/vault-github-action/actions-runner/bin'
[2021-09-03 03:16:14Z INFO HostContext] Well known directory 'Root': '/Users/rowan/hc/vault-guides/ecosystem/vault-github-action/actions-runner'
[2021-09-03 03:16:14Z INFO HostContext] Well known config file 'Credentials': '/Users/rowan/hc/vault-guides/ecosystem/vault-github-action/actions-runner/.credentials'
[2021-09-03 03:16:15Z INFO Listener] Runner is built for OSX (X64) - osx-x64.
[2021-09-03 03:16:15Z INFO Listener] RuntimeInformation: Darwin 20.6.0 Darwin Kernel Version 20.6.0: Wed Jun 23 00:26:31 PDT 2021; root:xnu-7195.141.2~5/RELEASE_X86_64.
[2021-09-03 03:16:15Z INFO Listener] Version: 2.280.3
[2021-09-03 03:16:15Z INFO Listener] Commit: 409920e9f03bd38fe6e58807f069394993ce32e4
[2021-09-03 03:16:15Z INFO Listener] Culture: en-AU
[2021-09-03 03:16:15Z INFO Listener] UI Culture: en-AU
[2021-09-03 03:16:15Z INFO HostContext] Well known directory 'Bin': '/Users/rowan/hc/vault-guides/ecosystem/vault-github-action/actions-runner/bin'
[2021-09-03 03:16:15Z INFO HostContext] Well known directory 'Root': '/Users/rowan/hc/vault-guides/ecosystem/vault-github-action/actions-runner'
[2021-09-03 03:16:15Z INFO Listener] Validating directory permissions for: '/Users/rowan/hc/vault-guides/ecosystem/vault-github-action/actions-runner'
[2021-09-03 03:16:15Z INFO CommandLineParser] Parse
[2021-09-03 03:16:15Z INFO CommandLineParser] Parsing 5 args
[2021-09-03 03:16:15Z INFO CommandLineParser] parsing argument
[2021-09-03 03:16:15Z INFO CommandLineParser] HasArgs: False
[2021-09-03 03:16:15Z INFO CommandLineParser] Adding Command: configure
[2021-09-03 03:16:15Z INFO CommandLineParser] parsing argument
[2021-09-03 03:16:15Z INFO CommandLineParser] HasArgs: True
[2021-09-03 03:16:15Z INFO CommandLineParser] arg: url
[2021-09-03 03:16:15Z INFO CommandLineParser] parsing argument
[2021-09-03 03:16:15Z INFO CommandLineParser] HasArgs: True
[2021-09-03 03:16:15Z INFO CommandLineParser] Adding option 'url': 'https://github.com/rowansmithhc/vault-action-exampleapp'
[2021-09-03 03:16:15Z INFO CommandLineParser] parsing argument
[2021-09-03 03:16:15Z INFO CommandLineParser] HasArgs: True
[2021-09-03 03:16:15Z INFO CommandLineParser] arg: token
[2021-09-03 03:16:15Z INFO CommandLineParser] parsing argument
[2021-09-03 03:16:15Z INFO CommandLineParser] HasArgs: True
[2021-09-03 03:16:15Z INFO CommandLineParser] Adding option 'token': '***'
[2021-09-03 03:16:15Z INFO Listener] Arguments parsed
[2021-09-03 03:16:15Z INFO Runner] ExecuteCommand
[2021-09-03 03:16:15Z INFO ConfigurationStore] currentAssemblyLocation: /Users/rowan/hc/vault-guides/ecosystem/vault-github-action/actions-runner/bin/Runner.Listener.dll
[2021-09-03 03:16:15Z INFO HostContext] Well known directory 'Bin': '/Users/rowan/hc/vault-guides/ecosystem/vault-github-action/actions-runner/bin'
[2021-09-03 03:16:15Z INFO ConfigurationStore] binPath: /Users/rowan/hc/vault-guides/ecosystem/vault-github-action/actions-runner/bin
[2021-09-03 03:16:15Z INFO HostContext] Well known directory 'Bin': '/Users/rowan/hc/vault-guides/ecosystem/vault-github-action/actions-runner/bin'
[2021-09-03 03:16:15Z INFO HostContext] Well known directory 'Root': '/Users/rowan/hc/vault-guides/ecosystem/vault-github-action/actions-runner'
[2021-09-03 03:16:15Z INFO ConfigurationStore] RootFolder: /Users/rowan/hc/vault-guides/ecosystem/vault-github-action/actions-runner
[2021-09-03 03:16:15Z INFO HostContext] Well known directory 'Bin': '/Users/rowan/hc/vault-guides/ecosystem/vault-github-action/actions-runner/bin'
[2021-09-03 03:16:15Z INFO HostContext] Well known directory 'Root': '/Users/rowan/hc/vault-guides/ecosystem/vault-github-action/actions-runner'
[2021-09-03 03:16:15Z INFO HostContext] Well known config file 'Runner': '/Users/rowan/hc/vault-guides/ecosystem/vault-github-action/actions-runner/.runner'
[2021-09-03 03:16:15Z INFO ConfigurationStore] ConfigFilePath: /Users/rowan/hc/vault-guides/ecosystem/vault-github-action/actions-runner/.runner
[2021-09-03 03:16:15Z INFO HostContext] Well known directory 'Bin': '/Users/rowan/hc/vault-guides/ecosystem/vault-github-action/actions-runner/bin'
[2021-09-03 03:16:15Z INFO HostContext] Well known directory 'Root': '/Users/rowan/hc/vault-guides/ecosystem/vault-github-action/actions-runner'
[2021-09-03 03:16:15Z INFO HostContext] Well known config file 'Credentials': '/Users/rowan/hc/vault-guides/ecosystem/vault-github-action/actions-runner/.credentials'
[2021-09-03 03:16:15Z INFO ConfigurationStore] CredFilePath: /Users/rowan/hc/vault-guides/ecosystem/vault-github-action/actions-runner/.credentials
[2021-09-03 03:16:15Z INFO HostContext] Well known directory 'Bin': '/Users/rowan/hc/vault-guides/ecosystem/vault-github-action/actions-runner/bin'
[2021-09-03 03:16:15Z INFO HostContext] Well known directory 'Root': '/Users/rowan/hc/vault-guides/ecosystem/vault-github-action/actions-runner'
[2021-09-03 03:16:15Z INFO HostContext] Well known config file 'MigratedCredentials': '/Users/rowan/hc/vault-guides/ecosystem/vault-github-action/actions-runner/.credentials_migrated'
[2021-09-03 03:16:15Z INFO ConfigurationStore] MigratedCredFilePath: /Users/rowan/hc/vault-guides/ecosystem/vault-github-action/actions-runner/.credentials_migrated
[2021-09-03 03:16:15Z INFO HostContext] Well known directory 'Bin': '/Users/rowan/hc/vault-guides/ecosystem/vault-github-action/actions-runner/bin'
[2021-09-03 03:16:15Z INFO HostContext] Well known directory 'Root': '/Users/rowan/hc/vault-guides/ecosystem/vault-github-action/actions-runner'
[2021-09-03 03:16:15Z INFO HostContext] Well known config file 'Service': '/Users/rowan/hc/vault-guides/ecosystem/vault-github-action/actions-runner/.service'
[2021-09-03 03:16:15Z INFO ConfigurationStore] ServiceConfigFilePath: /Users/rowan/hc/vault-guides/ecosystem/vault-github-action/actions-runner/.service
[2021-09-03 03:16:15Z INFO CommandSettings] Flag 'help': 'False'
[2021-09-03 03:16:15Z INFO CommandSettings] Flag 'version': 'False'
[2021-09-03 03:16:15Z INFO CommandSettings] Flag 'commit': 'False'
[2021-09-03 03:16:15Z INFO CommandSettings] Flag 'check': 'False'
[2021-09-03 03:16:15Z INFO CommandSettings] Command 'configure': 'True'
[2021-09-03 03:16:15Z INFO Terminal] WRITE LINE: 
[2021-09-03 03:16:15Z INFO Terminal] WRITE LINE: --------------------------------------------------------------------------------
[2021-09-03 03:16:15Z INFO Terminal] WRITE LINE: |        ____ _ _   _   _       _          _        _   _                      |
[2021-09-03 03:16:15Z INFO Terminal] WRITE LINE: |       / ___(_) |_| | | |_   _| |__      / \   ___| |_(_) ___  _ __  ___      |
[2021-09-03 03:16:15Z INFO Terminal] WRITE LINE: |      | |  _| | __| |_| | | | | '_ \    / _ \ / __| __| |/ _ \| '_ \/ __|     |
[2021-09-03 03:16:15Z INFO Terminal] WRITE LINE: |      | |_| | | |_|  _  | |_| | |_) |  / ___ \ (__| |_| | (_) | | | \__ \     |
[2021-09-03 03:16:15Z INFO Terminal] WRITE LINE: |       \____|_|\__|_| |_|\__,_|_.__/  /_/   \_\___|\__|_|\___/|_| |_|___/     |
[2021-09-03 03:16:15Z INFO Terminal] WRITE LINE: |                                                                              |
[2021-09-03 03:16:15Z INFO Terminal] WRITE: |                       
[2021-09-03 03:16:15Z INFO Terminal] WRITE: Self-hosted runner registration
[2021-09-03 03:16:15Z INFO Terminal] WRITE LINE:                         |
[2021-09-03 03:16:15Z INFO Terminal] WRITE LINE: |                                                                              |
[2021-09-03 03:16:15Z INFO Terminal] WRITE LINE: --------------------------------------------------------------------------------
[2021-09-03 03:16:15Z INFO ConfigurationManager] ConfigureAsync
[2021-09-03 03:16:15Z INFO ConfigurationStore] IsConfigured()
[2021-09-03 03:16:15Z INFO ConfigurationStore] IsConfigured: False
[2021-09-03 03:16:15Z INFO ConfigurationManager] Is configured: False
[2021-09-03 03:16:15Z INFO CommandSettings] Arg 'url': 'https://github.com/rowansmithhc/vault-action-exampleapp'
[2021-09-03 03:16:15Z INFO CommandSettings] Remove url from Arg dictionary.
[2021-09-03 03:16:15Z INFO CommandSettings] Arg 'token': '***'
[2021-09-03 03:16:15Z INFO CommandSettings] Remove token from Arg dictionary.
[2021-09-03 03:16:16Z INFO ConfigurationManager] Http response code: OK from 'POST https://api.github.com/actions/runner-registration'
[2021-09-03 03:16:17Z INFO ConfigurationManager] cred retrieved via GitHub auth
[2021-09-03 03:16:17Z INFO RunnerServer] Establish connection with 100 seconds timeout.
[2021-09-03 03:16:17Z INFO GitHubActionsService] Starting operation Location.GetConnectionData
[2021-09-03 03:16:17Z INFO RunnerServer] Establish connection with 60 seconds timeout.
[2021-09-03 03:16:17Z INFO GitHubActionsService] Starting operation Location.GetConnectionData
[2021-09-03 03:16:17Z INFO RunnerServer] Establish connection with 60 seconds timeout.
[2021-09-03 03:16:17Z INFO GitHubActionsService] Starting operation Location.GetConnectionData
[2021-09-03 03:16:21Z INFO GitHubActionsService] Finished operation Location.GetConnectionData
[2021-09-03 03:16:21Z INFO GitHubActionsService] Finished operation Location.GetConnectionData
[2021-09-03 03:16:21Z INFO GitHubActionsService] Finished operation Location.GetConnectionData
[2021-09-03 03:16:21Z INFO Terminal] WRITE LINE: 
[2021-09-03 03:16:21Z INFO ConfigurationManager] Test Connection complete.
[2021-09-03 03:16:21Z INFO HostContext] Well known directory 'Bin': '/Users/rowan/hc/vault-guides/ecosystem/vault-github-action/actions-runner/bin'
[2021-09-03 03:16:21Z INFO HostContext] Well known directory 'Root': '/Users/rowan/hc/vault-guides/ecosystem/vault-github-action/actions-runner'
[2021-09-03 03:16:21Z INFO HostContext] Well known config file 'RSACredentials': '/Users/rowan/hc/vault-guides/ecosystem/vault-github-action/actions-runner/.credentials_rsaparams'
[2021-09-03 03:16:21Z INFO RSAFileKeyManager] Creating new RSA key using 2048-bit key length
[2021-09-03 03:16:22Z INFO RSAFileKeyManager] Successfully saved RSA key parameters to file /Users/rowan/hc/vault-guides/ecosystem/vault-github-action/actions-runner/.credentials_rsaparams
[2021-09-03 03:16:22Z INFO RSAFileKeyManager] Which: 'chmod'
[2021-09-03 03:16:22Z INFO RSAFileKeyManager] Location: '/bin/chmod'
[2021-09-03 03:16:22Z INFO HostContext] Well known directory 'Bin': '/Users/rowan/hc/vault-guides/ecosystem/vault-github-action/actions-runner/bin'
[2021-09-03 03:16:22Z INFO HostContext] Well known directory 'Root': '/Users/rowan/hc/vault-guides/ecosystem/vault-github-action/actions-runner'
[2021-09-03 03:16:22Z INFO ProcessInvokerWrapper] Starting process:
[2021-09-03 03:16:22Z INFO ProcessInvokerWrapper]   File name: '/bin/chmod'
[2021-09-03 03:16:22Z INFO ProcessInvokerWrapper]   Arguments: '600 /Users/rowan/hc/vault-guides/ecosystem/vault-github-action/actions-runner/.credentials_rsaparams'
[2021-09-03 03:16:22Z INFO ProcessInvokerWrapper]   Working directory: '/Users/rowan/hc/vault-guides/ecosystem/vault-github-action/actions-runner'
[2021-09-03 03:16:22Z INFO ProcessInvokerWrapper]   Require exit code zero: 'False'
[2021-09-03 03:16:22Z INFO ProcessInvokerWrapper]   Encoding web name:  ; code page: ''
[2021-09-03 03:16:22Z INFO ProcessInvokerWrapper]   Force kill process on cancellation: 'False'
[2021-09-03 03:16:22Z INFO ProcessInvokerWrapper]   Redirected STDIN: 'False'
[2021-09-03 03:16:22Z INFO ProcessInvokerWrapper]   Persist current code page: 'False'
[2021-09-03 03:16:22Z INFO ProcessInvokerWrapper]   Keep redirected STDIN open: 'False'
[2021-09-03 03:16:22Z INFO ProcessInvokerWrapper]   High priority process: 'False'
[2021-09-03 03:16:22Z INFO ProcessInvokerWrapper] Process started with process id 22252, waiting for process exit.
[2021-09-03 03:16:22Z INFO ProcessInvokerWrapper] STDOUT/STDERR stream read finished.
[2021-09-03 03:16:22Z INFO ProcessInvokerWrapper] STDOUT/STDERR stream read finished.
[2021-09-03 03:16:22Z INFO ProcessInvokerWrapper] Finished process 22252 with exit code 0, and elapsed time 00:00:00.0143652.
[2021-09-03 03:16:22Z INFO RSAFileKeyManager] Successfully set permissions for RSA key parameters file /Users/rowan/hc/vault-guides/ecosystem/vault-github-action/actions-runner/.credentials_rsaparams
[2021-09-03 03:16:22Z INFO CommandSettings] Arg 'runnergroup': ''
[2021-09-03 03:16:22Z INFO CommandSettings] Flag 'unattended': 'False'
[2021-09-03 03:16:22Z INFO PromptManager] ReadValue
[2021-09-03 03:16:22Z INFO Terminal] WRITE: Enter the name of the runner group to add this runner to: 
[2021-09-03 03:16:22Z INFO Terminal] WRITE: [press Enter for Default] 
[2021-09-03 03:16:22Z INFO Terminal] READ LINE
[2021-09-03 03:16:26Z INFO Terminal] Read value: ''
[2021-09-03 03:16:26Z INFO PromptManager] Falling back to the default: 'Default'
[2021-09-03 03:16:26Z INFO Terminal] WRITE LINE: 
[2021-09-03 03:16:26Z INFO ConfigurationManager] Found a self-hosted runner group with id 1 and name Default
[2021-09-03 03:16:26Z INFO CommandSettings] Arg 'name': ''
[2021-09-03 03:16:26Z INFO CommandSettings] Flag 'unattended': 'False'
[2021-09-03 03:16:26Z INFO PromptManager] ReadValue
[2021-09-03 03:16:26Z INFO Terminal] WRITE: Enter the name of runner: 
[2021-09-03 03:16:26Z INFO Terminal] WRITE: [press Enter for rowan-C02FW09HMD6R] 
[2021-09-03 03:16:26Z INFO Terminal] READ LINE
[2021-09-03 03:16:28Z INFO Terminal] Read value: ''
[2021-09-03 03:16:28Z INFO PromptManager] Falling back to the default: 'rowan-C02FW09HMD6R'
[2021-09-03 03:16:28Z INFO Terminal] WRITE LINE: 
[2021-09-03 03:16:28Z INFO CommandSettings] Arg 'labels': ''
[2021-09-03 03:16:28Z INFO CommandSettings] Flag 'unattended': 'False'
[2021-09-03 03:16:28Z INFO PromptManager] ReadValue
[2021-09-03 03:16:28Z INFO Terminal] WRITE: This runner will have the following labels: 'self-hosted', 'macOS', 'X64' 
Enter any additional labels (ex. label-1,label-2): 
[2021-09-03 03:16:28Z INFO Terminal] WRITE: [press Enter to skip] 
[2021-09-03 03:16:28Z INFO Terminal] READ LINE
[2021-09-03 03:16:36Z INFO Terminal] Read value: ''
[2021-09-03 03:16:36Z INFO Terminal] WRITE LINE: 
[2021-09-03 03:16:36Z INFO ConfigurationStore] Saving OAuth credential @ /Users/rowan/hc/vault-guides/ecosystem/vault-github-action/actions-runner/.credentials
[2021-09-03 03:16:36Z INFO ConfigurationStore] Credentials Saved.
[2021-09-03 03:16:36Z INFO ConfigurationStore] HasCredentials()
[2021-09-03 03:16:36Z INFO ConfigurationStore] stored True
[2021-09-03 03:16:36Z INFO CredentialManager] GetCredentialProvider
[2021-09-03 03:16:36Z INFO CredentialManager] Creating type OAuth
[2021-09-03 03:16:36Z INFO CredentialManager] Creating credential type: OAuth
[2021-09-03 03:16:36Z INFO RSAFileKeyManager] Loading RSA key parameters from file /Users/rowan/hc/vault-guides/ecosystem/vault-github-action/actions-runner/.credentials_rsaparams
[2021-09-03 03:16:36Z INFO RunnerServer] Establish connection with 100 seconds timeout.
[2021-09-03 03:16:36Z INFO GitHubActionsService] Starting operation Location.GetConnectionData
[2021-09-03 03:16:36Z INFO RunnerServer] Establish connection with 60 seconds timeout.
[2021-09-03 03:16:36Z INFO GitHubActionsService] Starting operation Location.GetConnectionData
[2021-09-03 03:16:36Z INFO RunnerServer] Establish connection with 60 seconds timeout.
[2021-09-03 03:16:36Z INFO GitHubActionsService] Starting operation Location.GetConnectionData
[2021-09-03 03:16:40Z INFO GitHubActionsService] Finished operation Location.GetConnectionData
[2021-09-03 03:16:40Z INFO GitHubActionsService] Finished operation Location.GetConnectionData
[2021-09-03 03:16:40Z INFO GitHubActionsService] Finished operation Location.GetConnectionData
[2021-09-03 03:16:40Z WARN GitHubActionsService] Authentication failed with status code 401.
WWW-Authenticate: Bearer
Strict-Transport-Security: max-age=2592000
X-TFS-ProcessId: 0228878a-9326-411d-b796-4c0f938dacb8
ActivityId: afff458b-067a-4e58-a889-d2a21c438fa9
X-TFS-Session: a08320f0-36f0-4baa-9ca6-93702c99d803
X-VSS-E2EID: 27b14a20-6e6d-4b4e-8fe1-683ebd3b0fe3
X-VSS-SenderDeploymentId: 6074703f-c195-632a-bd61-21691fc86fa5
X-TFS-ServiceError: The+user+%27System%3aPublicAccess%3baaaaaaaa-aaaa-aaaa-aaaa-aaaaaaaaaaaa%27+is+not+authorized+to+access+this+resource.
X-VSS-S2STargetService: 0000005A-0000-8888-8000-000000000000/visualstudio.com
X-Cache: CONFIG_NOCACHE
X-MSEdge-Ref: Ref A: 00B5AC1664164DEEB7C585D7A9C6D333 Ref B: MEL01EDGE1112 Ref C: 2021-09-03T03:16:40Z
Date: Fri, 03 Sep 2021 03:16:40 GMT

[2021-09-03 03:16:40Z INFO RSAFileKeyManager] Loading RSA key parameters from file /Users/rowan/hc/vault-guides/ecosystem/vault-github-action/actions-runner/.credentials_rsaparams
[2021-09-03 03:16:40Z INFO RSAFileKeyManager] Loading RSA key parameters from file /Users/rowan/hc/vault-guides/ecosystem/vault-github-action/actions-runner/.credentials_rsaparams
[2021-09-03 03:16:44Z INFO GitHubActionsService] AAD Correlation ID for this token request: Unknown
[2021-09-03 03:16:44Z WARN GitHubActionsService] Retrieving an AAD auth token took a long time (3.3849705 seconds)
[2021-09-03 03:16:44Z INFO CommandSettings] Arg 'work': ''
[2021-09-03 03:16:44Z INFO CommandSettings] Flag 'unattended': 'False'
[2021-09-03 03:16:44Z INFO PromptManager] ReadValue
[2021-09-03 03:16:44Z INFO Terminal] WRITE: Enter name of work folder: 
[2021-09-03 03:16:44Z INFO Terminal] WRITE: [press Enter for _work] 
[2021-09-03 03:16:44Z INFO Terminal] READ LINE
[2021-09-03 03:16:46Z INFO Terminal] Read value: ''
[2021-09-03 03:16:46Z INFO PromptManager] Falling back to the default: '_work'
[2021-09-03 03:16:46Z INFO ConfigurationStore] Saving runner settings.
[2021-09-03 03:16:46Z INFO ConfigurationStore] Settings Saved.
[2021-09-03 03:16:46Z INFO Terminal] WRITE LINE: 
[2021-09-03 03:16:46Z INFO Terminal] WRITE LINE: 
[2021-09-03 03:16:46Z INFO OsxServiceControlManager] Service name 'actions.runner.rowansmithhc-vault-action-exampleapp.rowan-C02FW09HMD6R' display name 'GitHub Actions Runner (rowansmithhc-vault-action-exampleapp.rowan-C02FW09HMD6R)' will be used for service configuration.
[2021-09-03 03:16:46Z INFO HostContext] Well known directory 'Bin': '/Users/rowan/hc/vault-guides/ecosystem/vault-github-action/actions-runner/bin'
[2021-09-03 03:16:46Z INFO HostContext] Well known directory 'Root': '/Users/rowan/hc/vault-guides/ecosystem/vault-github-action/actions-runner'
[2021-09-03 03:16:46Z INFO HostContext] Well known directory 'Bin': '/Users/rowan/hc/vault-guides/ecosystem/vault-github-action/actions-runner/bin'
[2021-09-03 03:16:46Z INFO HostContext] Well known directory 'Bin': '/Users/rowan/hc/vault-guides/ecosystem/vault-github-action/actions-runner/bin'
[2021-09-03 03:16:46Z INFO HostContext] Well known directory 'Root': '/Users/rowan/hc/vault-guides/ecosystem/vault-github-action/actions-runner'
[2021-09-03 03:16:46Z INFO UnixUtil] Which: 'chmod'
[2021-09-03 03:16:46Z INFO UnixUtil] Location: '/bin/chmod'
[2021-09-03 03:16:46Z INFO UnixUtil] Running /bin/chmod 755 "/Users/rowan/hc/vault-guides/ecosystem/vault-github-action/actions-runner/svc.sh"
[2021-09-03 03:16:46Z INFO ProcessInvokerWrapper] Starting process:
[2021-09-03 03:16:46Z INFO ProcessInvokerWrapper]   File name: '/bin/chmod'
[2021-09-03 03:16:46Z INFO ProcessInvokerWrapper]   Arguments: '755 "/Users/rowan/hc/vault-guides/ecosystem/vault-github-action/actions-runner/svc.sh"'
[2021-09-03 03:16:46Z INFO ProcessInvokerWrapper]   Working directory: '/Users/rowan/hc/vault-guides/ecosystem/vault-github-action/actions-runner'
[2021-09-03 03:16:46Z INFO ProcessInvokerWrapper]   Require exit code zero: 'True'
[2021-09-03 03:16:46Z INFO ProcessInvokerWrapper]   Encoding web name:  ; code page: ''
[2021-09-03 03:16:46Z INFO ProcessInvokerWrapper]   Force kill process on cancellation: 'False'
[2021-09-03 03:16:46Z INFO ProcessInvokerWrapper]   Redirected STDIN: 'False'
[2021-09-03 03:16:46Z INFO ProcessInvokerWrapper]   Persist current code page: 'False'
[2021-09-03 03:16:46Z INFO ProcessInvokerWrapper]   Keep redirected STDIN open: 'False'
[2021-09-03 03:16:46Z INFO ProcessInvokerWrapper]   High priority process: 'False'
[2021-09-03 03:16:46Z INFO ProcessInvokerWrapper] Process started with process id 22275, waiting for process exit.
[2021-09-03 03:16:46Z INFO ProcessInvokerWrapper] STDOUT/STDERR stream read finished.
[2021-09-03 03:16:46Z INFO ProcessInvokerWrapper] STDOUT/STDERR stream read finished.
[2021-09-03 03:16:46Z INFO ProcessInvokerWrapper] Finished process 22275 with exit code 0, and elapsed time 00:00:00.0071892.
[2021-09-03 03:16:46Z INFO Listener] Runner execution has finished with return code 0
